<?xml version="1.0" encoding="UTF-8"?>
<testsuite xmlns:xsi="http://www.w3.org/2001/XMLSchema-instance" xsi:noNamespaceSchemaLocation="https://maven.apache.org/surefire/maven-surefire-plugin/xsd/surefire-test-report-3.0.xsd" version="3.0" name="com.neotech.runners.TestRunner" time="37.7" tests="3" errors="0" skipped="0" failures="1">
  <properties>
[...]
</properties>
  <testcase name="valid login" classname="Sauce Demo login" time="6.528"/>
  <testcase name="empty password" classname="Sauce Demo login" time="4.949">
    <failure message="The welcome message is different!!! expected:&lt;...Password is required[...]&gt; but was:&lt;...Password is required[]&gt;" type="org.junit.ComparisonFailure"><![CDATA[org.junit.ComparisonFailure: The welcome message is different!!! expected:<...Password is required[...]> but was:<...Password is required[]>
]]></failure>
    <system-out><![CDATA[
@login
Scenario: empty password                                                            # src/test/resources/features/Login.feature:11
  When user enters valid username                                                   # com.neotech.steps.LoginSteps.user_enters_valid_username()
  And user leaves password empty                                                    # com.neotech.steps.LoginSteps.user_leaves_password_empty()
  And click on login button                                                         # com.neotech.steps.LoginSteps.click_on_login_button()
  Then I validate that "Epic sadface: Password is required..." message is displayed # com.neotech.steps.LoginSteps.i_validate_that_message_is_displayed(java.lang.String)
      org.junit.ComparisonFailure: The welcome message is different!!! expected:<...Password is required[...]> but was:<...Password is required[]>
	at org.junit.Assert.assertEquals(Assert.java:117)
	at com.neotech.steps.LoginSteps.i_validate_that_message_is_displayed(LoginSteps.java:42)
	at ✽.I validate that "Epic sadface: Password is required..." message is displayed(file:///Users/elionlimanaj/eclipse-workspace/AutomationFramework/src/test/resources/features/Login.feature:15)


    Embedding empty password [image/png 227176 bytes]

]]></system-out>
    <system-err><![CDATA[Starting ChromeDriver 88.0.4324.96 (68dba2d8a0b149a1d3afac56fa74648032bcf46b-refs/branch-heads/4324@{#1784}) on port 5251
Only local connections are allowed.
Please see https://chromedriver.chromium.org/security-considerations for suggestions on keeping ChromeDriver safe.
ChromeDriver was started successfully.
Feb 09, 2021 5:08:47 PM org.openqa.selenium.remote.ProtocolHandshake createSession
INFO: Detected dialect: W3C
]]></system-err>
  </testcase>
  <testcase name="invalid login" classname="Sauce Demo login" time="25.622"/>
</testsuite>